Added Component: Designator=C1(FP-C0402-BB-IPC_B)
Add component (AddParameter): Name = "Automotive"; Value = "No"; VariantName = "[No Variations]"
Add component (AddParameter): Name = "Capacitance"; Value = "0.10 µF"; VariantName = "[No Variations]"
Add component (AddParameter): Name = "Category"; Value = "Cap"; VariantName = "[No Variations]"
Add component (AddParameter): Name = "ComponentLink2Description"; Value = "Datasheet"; VariantName = "[No Variations]"
Add component (AddParameter): Name = "ComponentLink2URL"; Value = "https://content.kemet.com/datasheets/KEM_C1002_X7R_SMD.pdf"; VariantName = "[No Variations]"
Add component (AddParameter): Name = "Device Class L1"; Value = "Passive Components"; VariantName = "[No Variations]"
Add component (AddParameter): Name = "Device Class L2"; Value = "Capacitors"; VariantName = "[No Variations]"
Add component (AddParameter): Name = "Device Class L3"; Value = "Ceramic Capacitors"; VariantName = "[No Variations]"
Add component (AddParameter): Name = "Digikey Description"; Value = "CAP CER 0.1UF 10V X5R 0402"; VariantName = "[No Variations]"
Add component (AddParameter): Name = "Height"; Value = "0.55mm"; VariantName = "[No Variations]"
Add component (AddParameter): Name = "Ipc Land Pattern Name"; Value = "CAPC10050X50"; VariantName = "[No Variations]"
Add component (AddParameter): Name = "Lead Free"; Value = "Yes"; VariantName = "[No Variations]"
Add component (AddParameter): Name = "Manufacturer"; Value = "Kemet"; VariantName = "[No Variations]"
Add component (AddParameter): Name = "Manufacturer Part Number"; Value = "C0402C104K8PACTU"; VariantName = "[No Variations]"
Add component (AddParameter): Name = "Material"; Value = "Ceramic"; VariantName = "[No Variations]"
Add component (AddParameter): Name = "Mouser Description"; Value = "Capacitor 100 nF 10 VDC 0402 | KEMET C0402C104K8PACTU (Capacitor 100 nF 10 VDC 0402 Ceramic Capacitors)."; VariantName = "[No Variations]"
Add component (AddParameter): Name = "Octopart"; Value = "https://octopart.com/c0402c104k8pactu-kemet-140039"; VariantName = "[No Variations]"
Add component (AddParameter): Name = "Package"; Value = "C0402-BB"; VariantName = "[No Variations]"
Add component (AddParameter): Name = "RoHS"; Value = "TRUE"; VariantName = "[No Variations]"
Add component (AddParameter): Name = "Temperature"; Value = "-55°C to +125°C"; VariantName = "[No Variations]"
Add component (AddParameter): Name = "Temperature Characteristic"; Value = "X5R"; VariantName = "[No Variations]"
Add component (AddParameter): Name = "Temperature Coefficient"; Value = "15%"; VariantName = "[No Variations]"
Add component (AddParameter): Name = "Temperature Range High"; Value = "+125°C"; VariantName = "[No Variations]"
Add component (AddParameter): Name = "Temperature Range Low"; Value = "-55°C"; VariantName = "[No Variations]"
Add component (AddParameter): Name = "Tolerance"; Value = "0.1"; VariantName = "[No Variations]"
Add component (AddParameter): Name = "Value"; Value = "0.10 µF"; VariantName = "[No Variations]"
Add component (AddParameter): Name = "Voltage Rating"; Value = "10 V"; VariantName = "[No Variations]"
Added Component: Designator=C2(FP-C0402-BB-IPC_B)
Add component (AddParameter): Name = "Automotive"; Value = "No"; VariantName = "[No Variations]"
Add component (AddParameter): Name = "Capacitance"; Value = "0.10 µF"; VariantName = "[No Variations]"
Add component (AddParameter): Name = "Category"; Value = "Cap"; VariantName = "[No Variations]"
Add component (AddParameter): Name = "ComponentLink2Description"; Value = "Datasheet"; VariantName = "[No Variations]"
Add component (AddParameter): Name = "ComponentLink2URL"; Value = "https://content.kemet.com/datasheets/KEM_C1002_X7R_SMD.pdf"; VariantName = "[No Variations]"
Add component (AddParameter): Name = "Device Class L1"; Value = "Passive Components"; VariantName = "[No Variations]"
Add component (AddParameter): Name = "Device Class L2"; Value = "Capacitors"; VariantName = "[No Variations]"
Add component (AddParameter): Name = "Device Class L3"; Value = "Ceramic Capacitors"; VariantName = "[No Variations]"
Add component (AddParameter): Name = "Digikey Description"; Value = "CAP CER 0.1UF 10V X5R 0402"; VariantName = "[No Variations]"
Add component (AddParameter): Name = "Height"; Value = "0.55mm"; VariantName = "[No Variations]"
Add component (AddParameter): Name = "Ipc Land Pattern Name"; Value = "CAPC10050X50"; VariantName = "[No Variations]"
Add component (AddParameter): Name = "Lead Free"; Value = "Yes"; VariantName = "[No Variations]"
Add component (AddParameter): Name = "Manufacturer"; Value = "Kemet"; VariantName = "[No Variations]"
Add component (AddParameter): Name = "Manufacturer Part Number"; Value = "C0402C104K8PACTU"; VariantName = "[No Variations]"
Add component (AddParameter): Name = "Material"; Value = "Ceramic"; VariantName = "[No Variations]"
Add component (AddParameter): Name = "Mouser Description"; Value = "Capacitor 100 nF 10 VDC 0402 | KEMET C0402C104K8PACTU (Capacitor 100 nF 10 VDC 0402 Ceramic Capacitors)."; VariantName = "[No Variations]"
Add component (AddParameter): Name = "Octopart"; Value = "https://octopart.com/c0402c104k8pactu-kemet-140039"; VariantName = "[No Variations]"
Add component (AddParameter): Name = "Package"; Value = "C0402-BB"; VariantName = "[No Variations]"
Add component (AddParameter): Name = "RoHS"; Value = "TRUE"; VariantName = "[No Variations]"
Add component (AddParameter): Name = "Temperature"; Value = "-55°C to +125°C"; VariantName = "[No Variations]"
Add component (AddParameter): Name = "Temperature Characteristic"; Value = "X5R"; VariantName = "[No Variations]"
Add component (AddParameter): Name = "Temperature Coefficient"; Value = "15%"; VariantName = "[No Variations]"
Add component (AddParameter): Name = "Temperature Range High"; Value = "+125°C"; VariantName = "[No Variations]"
Add component (AddParameter): Name = "Temperature Range Low"; Value = "-55°C"; VariantName = "[No Variations]"
Add component (AddParameter): Name = "Tolerance"; Value = "0.1"; VariantName = "[No Variations]"
Add component (AddParameter): Name = "Value"; Value = "0.10 µF"; VariantName = "[No Variations]"
Add component (AddParameter): Name = "Voltage Rating"; Value = "10 V"; VariantName = "[No Variations]"
Added Component: Designator=C3(FP-C0402-BB-IPC_B)
Add component (AddParameter): Name = "Automotive"; Value = "No"; VariantName = "[No Variations]"
Add component (AddParameter): Name = "Capacitance"; Value = "0.10 µF"; VariantName = "[No Variations]"
Add component (AddParameter): Name = "Category"; Value = "Cap"; VariantName = "[No Variations]"
Add component (AddParameter): Name = "ComponentLink2Description"; Value = "Datasheet"; VariantName = "[No Variations]"
Add component (AddParameter): Name = "ComponentLink2URL"; Value = "https://content.kemet.com/datasheets/KEM_C1002_X7R_SMD.pdf"; VariantName = "[No Variations]"
Add component (AddParameter): Name = "Device Class L1"; Value = "Passive Components"; VariantName = "[No Variations]"
Add component (AddParameter): Name = "Device Class L2"; Value = "Capacitors"; VariantName = "[No Variations]"
Add component (AddParameter): Name = "Device Class L3"; Value = "Ceramic Capacitors"; VariantName = "[No Variations]"
Add component (AddParameter): Name = "Digikey Description"; Value = "CAP CER 0.1UF 10V X5R 0402"; VariantName = "[No Variations]"
Add component (AddParameter): Name = "Height"; Value = "0.55mm"; VariantName = "[No Variations]"
Add component (AddParameter): Name = "Ipc Land Pattern Name"; Value = "CAPC10050X50"; VariantName = "[No Variations]"
Add component (AddParameter): Name = "Lead Free"; Value = "Yes"; VariantName = "[No Variations]"
Add component (AddParameter): Name = "Manufacturer"; Value = "Kemet"; VariantName = "[No Variations]"
Add component (AddParameter): Name = "Manufacturer Part Number"; Value = "C0402C104K8PACTU"; VariantName = "[No Variations]"
Add component (AddParameter): Name = "Material"; Value = "Ceramic"; VariantName = "[No Variations]"
Add component (AddParameter): Name = "Mouser Description"; Value = "Capacitor 100 nF 10 VDC 0402 | KEMET C0402C104K8PACTU (Capacitor 100 nF 10 VDC 0402 Ceramic Capacitors)."; VariantName = "[No Variations]"
Add component (AddParameter): Name = "Octopart"; Value = "https://octopart.com/c0402c104k8pactu-kemet-140039"; VariantName = "[No Variations]"
Add component (AddParameter): Name = "Package"; Value = "C0402-BB"; VariantName = "[No Variations]"
Add component (AddParameter): Name = "RoHS"; Value = "TRUE"; VariantName = "[No Variations]"
Add component (AddParameter): Name = "Temperature"; Value = "-55°C to +125°C"; VariantName = "[No Variations]"
Add component (AddParameter): Name = "Temperature Characteristic"; Value = "X5R"; VariantName = "[No Variations]"
Add component (AddParameter): Name = "Temperature Coefficient"; Value = "15%"; VariantName = "[No Variations]"
Add component (AddParameter): Name = "Temperature Range High"; Value = "+125°C"; VariantName = "[No Variations]"
Add component (AddParameter): Name = "Temperature Range Low"; Value = "-55°C"; VariantName = "[No Variations]"
Add component (AddParameter): Name = "Tolerance"; Value = "0.1"; VariantName = "[No Variations]"
Add component (AddParameter): Name = "Value"; Value = "0.10 µF"; VariantName = "[No Variations]"
Add component (AddParameter): Name = "Voltage Rating"; Value = "10 V"; VariantName = "[No Variations]"
Added Component: Designator=LED1(LED0603-FD)
Add component (AddParameter): Name = "Add into BOM"; Value = "yes"; VariantName = "[No Variations]"
Add component (AddParameter): Name = "Color Temperature"; Value = "-"; VariantName = "[No Variations]"
Add component (AddParameter): Name = "Convert to PCB"; Value = "yes"; VariantName = "[No Variations]"
Add component (AddParameter): Name = "Datasheet"; Value = "https://atta.szlcsc.com/upload/public/pdf/source/20231027/FB19AF06E2C70028E58AB5CEDD1BDC72.pdf"; VariantName = "[No Variations]"
Add component (AddParameter): Name = "Device"; Value = "YLED0603R"; VariantName = "[No Variations]"
Add component (AddParameter): Name = "Diode Configuration"; Value = "-"; VariantName = "[No Variations]"
Add component (AddParameter): Name = "Dominant Wavelength"; Value = "620nm~625nm"; VariantName = "[No Variations]"
Add component (AddParameter): Name = "Emitted Color"; Value = "Red"; VariantName = "[No Variations]"
Add component (AddParameter): Name = "Forward Current"; Value = "25mA"; VariantName = "[No Variations]"
Add component (AddParameter): Name = "Forward Voltage (VF)"; Value = "1.8V~2.4V"; VariantName = "[No Variations]"
Add component (AddParameter): Name = "JLCPCB Part Class"; Value = "Extended Part"; VariantName = "[No Variations]"
Add component (AddParameter): Name = "LCSC Part Name"; Value = "YLED0603R"; VariantName = "[No Variations]"
Add component (AddParameter): Name = "Lens Color"; Value = "-"; VariantName = "[No Variations]"
Add component (AddParameter): Name = "Luminous Intensity"; Value = "-"; VariantName = "[No Variations]"
Add component (AddParameter): Name = "Manufacturer"; Value = "YONGYUTAI(???)"; VariantName = "[No Variations]"
Add component (AddParameter): Name = "Manufacturer Part"; Value = "YLED0603R"; VariantName = "[No Variations]"
Add component (AddParameter): Name = "Mounting Sytle"; Value = "-"; VariantName = "[No Variations]"
Add component (AddParameter): Name = "Operating Temperature"; Value = "-40?~+85?"; VariantName = "[No Variations]"
Add component (AddParameter): Name = "Peak Wavelength"; Value = "-"; VariantName = "[No Variations]"
Add component (AddParameter): Name = "Power Dissipation"; Value = "-"; VariantName = "[No Variations]"
Add component (AddParameter): Name = "Supplier"; Value = "LCSC"; VariantName = "[No Variations]"
Add component (AddParameter): Name = "Supplier Footprint"; Value = "0603"; VariantName = "[No Variations]"
Add component (AddParameter): Name = "Supplier Part"; Value = "C19171390"; VariantName = "[No Variations]"
Add component (AddParameter): Name = "Symbol"; Value = "YLED0603R"; VariantName = "[No Variations]"
Add component (AddParameter): Name = "Viewing Angle"; Value = "-"; VariantName = "[No Variations]"
Added Component: Designator=LED2(LED0603-FD)
Add component (AddParameter): Name = "Add into BOM"; Value = "yes"; VariantName = "[No Variations]"
Add component (AddParameter): Name = "Color Temperature"; Value = "-"; VariantName = "[No Variations]"
Add component (AddParameter): Name = "Convert to PCB"; Value = "yes"; VariantName = "[No Variations]"
Add component (AddParameter): Name = "Datasheet"; Value = "https://atta.szlcsc.com/upload/public/pdf/source/20231027/FB19AF06E2C70028E58AB5CEDD1BDC72.pdf"; VariantName = "[No Variations]"
Add component (AddParameter): Name = "Device"; Value = "YLED0603R"; VariantName = "[No Variations]"
Add component (AddParameter): Name = "Diode Configuration"; Value = "-"; VariantName = "[No Variations]"
Add component (AddParameter): Name = "Dominant Wavelength"; Value = "620nm~625nm"; VariantName = "[No Variations]"
Add component (AddParameter): Name = "Emitted Color"; Value = "Red"; VariantName = "[No Variations]"
Add component (AddParameter): Name = "Forward Current"; Value = "25mA"; VariantName = "[No Variations]"
Add component (AddParameter): Name = "Forward Voltage (VF)"; Value = "1.8V~2.4V"; VariantName = "[No Variations]"
Add component (AddParameter): Name = "JLCPCB Part Class"; Value = "Extended Part"; VariantName = "[No Variations]"
Add component (AddParameter): Name = "LCSC Part Name"; Value = "YLED0603R"; VariantName = "[No Variations]"
Add component (AddParameter): Name = "Lens Color"; Value = "-"; VariantName = "[No Variations]"
Add component (AddParameter): Name = "Luminous Intensity"; Value = "-"; VariantName = "[No Variations]"
Add component (AddParameter): Name = "Manufacturer"; Value = "YONGYUTAI(???)"; VariantName = "[No Variations]"
Add component (AddParameter): Name = "Manufacturer Part"; Value = "YLED0603R"; VariantName = "[No Variations]"
Add component (AddParameter): Name = "Mounting Sytle"; Value = "-"; VariantName = "[No Variations]"
Add component (AddParameter): Name = "Operating Temperature"; Value = "-40?~+85?"; VariantName = "[No Variations]"
Add component (AddParameter): Name = "Peak Wavelength"; Value = "-"; VariantName = "[No Variations]"
Add component (AddParameter): Name = "Power Dissipation"; Value = "-"; VariantName = "[No Variations]"
Add component (AddParameter): Name = "Supplier"; Value = "LCSC"; VariantName = "[No Variations]"
Add component (AddParameter): Name = "Supplier Footprint"; Value = "0603"; VariantName = "[No Variations]"
Add component (AddParameter): Name = "Supplier Part"; Value = "C19171390"; VariantName = "[No Variations]"
Add component (AddParameter): Name = "Symbol"; Value = "YLED0603R"; VariantName = "[No Variations]"
Add component (AddParameter): Name = "Viewing Angle"; Value = "-"; VariantName = "[No Variations]"
Added Component: Designator=R1(R0603)
Add component (AddParameter): Name = "Add into BOM"; Value = "yes"; VariantName = "[No Variations]"
Add component (AddParameter): Name = "Convert to PCB"; Value = "yes"; VariantName = "[No Variations]"
Add component (AddParameter): Name = "Datasheet"; Value = "https://atta.szlcsc.com/upload/public/pdf/source/20180927/C295883_E8D83085EA81BD7DE0B2B681138C15EE.pdf"; VariantName = "[No Variations]"
Add component (AddParameter): Name = "Device"; Value = "RC0603FR-0710KL"; VariantName = "[No Variations]"
Add component (AddParameter): Name = "JLCPCB Part Class"; Value = "Extended Part"; VariantName = "[No Variations]"
Add component (AddParameter): Name = "LCSC Part Name"; Value = "???? 10kO ±1% 100mW"; VariantName = "[No Variations]"
Add component (AddParameter): Name = "Manufacturer"; Value = "YAGEO(??)"; VariantName = "[No Variations]"
Add component (AddParameter): Name = "Manufacturer Part"; Value = "RC0603FR-0710KL"; VariantName = "[No Variations]"
Add component (AddParameter): Name = "Operating Temperature Range"; Value = "-55?~+155?"; VariantName = "[No Variations]"
Add component (AddParameter): Name = "Overload Voltage (Max)"; Value = ""; VariantName = "[No Variations]"
Add component (AddParameter): Name = "Power(Watts)"; Value = ""; VariantName = "[No Variations]"
Add component (AddParameter): Name = "Supplier"; Value = "LCSC"; VariantName = "[No Variations]"
Add component (AddParameter): Name = "Supplier Footprint"; Value = "0603"; VariantName = "[No Variations]"
Add component (AddParameter): Name = "Supplier Part"; Value = "C98220"; VariantName = "[No Variations]"
Add component (AddParameter): Name = "Symbol"; Value = "RC0603FR-0710KL"; VariantName = "[No Variations]"
Add component (AddParameter): Name = "Temperature Coefficient"; Value = "±100ppm/?"; VariantName = "[No Variations]"
Add component (AddParameter): Name = "Tolerance"; Value = "±1%"; VariantName = "[No Variations]"
Add component (AddParameter): Name = "Type"; Value = "Thick Film Resistors"; VariantName = "[No Variations]"
Add component (AddParameter): Name = "Value"; Value = "10kO"; VariantName = "[No Variations]"
Added Component: Designator=R2(R0603)
Add component (AddParameter): Name = "Add into BOM"; Value = "yes"; VariantName = "[No Variations]"
Add component (AddParameter): Name = "Convert to PCB"; Value = "yes"; VariantName = "[No Variations]"
Add component (AddParameter): Name = "Datasheet"; Value = "https://atta.szlcsc.com/upload/public/pdf/source/20180927/C295883_E8D83085EA81BD7DE0B2B681138C15EE.pdf"; VariantName = "[No Variations]"
Add component (AddParameter): Name = "Device"; Value = "RC0603FR-0710KL"; VariantName = "[No Variations]"
Add component (AddParameter): Name = "JLCPCB Part Class"; Value = "Extended Part"; VariantName = "[No Variations]"
Add component (AddParameter): Name = "LCSC Part Name"; Value = "???? 10kO ±1% 100mW"; VariantName = "[No Variations]"
Add component (AddParameter): Name = "Manufacturer"; Value = "YAGEO(??)"; VariantName = "[No Variations]"
Add component (AddParameter): Name = "Manufacturer Part"; Value = "RC0603FR-0710KL"; VariantName = "[No Variations]"
Add component (AddParameter): Name = "Operating Temperature Range"; Value = "-55?~+155?"; VariantName = "[No Variations]"
Add component (AddParameter): Name = "Overload Voltage (Max)"; Value = ""; VariantName = "[No Variations]"
Add component (AddParameter): Name = "Power(Watts)"; Value = ""; VariantName = "[No Variations]"
Add component (AddParameter): Name = "Supplier"; Value = "LCSC"; VariantName = "[No Variations]"
Add component (AddParameter): Name = "Supplier Footprint"; Value = "0603"; VariantName = "[No Variations]"
Add component (AddParameter): Name = "Supplier Part"; Value = "C98220"; VariantName = "[No Variations]"
Add component (AddParameter): Name = "Symbol"; Value = "RC0603FR-0710KL"; VariantName = "[No Variations]"
Add component (AddParameter): Name = "Temperature Coefficient"; Value = "±100ppm/?"; VariantName = "[No Variations]"
Add component (AddParameter): Name = "Tolerance"; Value = "±1%"; VariantName = "[No Variations]"
Add component (AddParameter): Name = "Type"; Value = "Thick Film Resistors"; VariantName = "[No Variations]"
Add component (AddParameter): Name = "Value"; Value = "10kO"; VariantName = "[No Variations]"
Added Component: Designator=R3(R0603)
Add component (AddParameter): Name = "Add into BOM"; Value = "yes"; VariantName = "[No Variations]"
Add component (AddParameter): Name = "Convert to PCB"; Value = "yes"; VariantName = "[No Variations]"
Add component (AddParameter): Name = "Datasheet"; Value = "https://atta.szlcsc.com/upload/public/pdf/source/20180927/C295883_E8D83085EA81BD7DE0B2B681138C15EE.pdf"; VariantName = "[No Variations]"
Add component (AddParameter): Name = "Device"; Value = "RC0603FR-0710KL"; VariantName = "[No Variations]"
Add component (AddParameter): Name = "JLCPCB Part Class"; Value = "Extended Part"; VariantName = "[No Variations]"
Add component (AddParameter): Name = "LCSC Part Name"; Value = "???? 10kO ±1% 100mW"; VariantName = "[No Variations]"
Add component (AddParameter): Name = "Manufacturer"; Value = "YAGEO(??)"; VariantName = "[No Variations]"
Add component (AddParameter): Name = "Manufacturer Part"; Value = "RC0603FR-0710KL"; VariantName = "[No Variations]"
Add component (AddParameter): Name = "Operating Temperature Range"; Value = "-55?~+155?"; VariantName = "[No Variations]"
Add component (AddParameter): Name = "Overload Voltage (Max)"; Value = ""; VariantName = "[No Variations]"
Add component (AddParameter): Name = "Power(Watts)"; Value = ""; VariantName = "[No Variations]"
Add component (AddParameter): Name = "Supplier"; Value = "LCSC"; VariantName = "[No Variations]"
Add component (AddParameter): Name = "Supplier Footprint"; Value = "0603"; VariantName = "[No Variations]"
Add component (AddParameter): Name = "Supplier Part"; Value = "C98220"; VariantName = "[No Variations]"
Add component (AddParameter): Name = "Symbol"; Value = "RC0603FR-0710KL"; VariantName = "[No Variations]"
Add component (AddParameter): Name = "Temperature Coefficient"; Value = "±100ppm/?"; VariantName = "[No Variations]"
Add component (AddParameter): Name = "Tolerance"; Value = "±1%"; VariantName = "[No Variations]"
Add component (AddParameter): Name = "Type"; Value = "Thick Film Resistors"; VariantName = "[No Variations]"
Add component (AddParameter): Name = "Value"; Value = "10kO"; VariantName = "[No Variations]"
Added Component: Designator=U1(SSOP-28_L10.2-W5.3-P0.65-LS7.8-BL)
Add component (AddParameter): Name = "Add into BOM"; Value = "yes"; VariantName = "[No Variations]"
Add component (AddParameter): Name = "Applications Function"; Value = "USB to UART"; VariantName = "[No Variations]"
Add component (AddParameter): Name = "Convert to PCB"; Value = "yes"; VariantName = "[No Variations]"
Add component (AddParameter): Name = "Datasheet"; Value = "https://atta.szlcsc.com/upload/public/pdf/source/20130221/1457706592200.pdf"; VariantName = "[No Variations]"
Add component (AddParameter): Name = "Device"; Value = "FT232RL-REEL"; VariantName = "[No Variations]"
Add component (AddParameter): Name = "JLCPCB Part Class"; Value = "Extended Part"; VariantName = "[No Variations]"
Add component (AddParameter): Name = "LCSC Part Name"; Value = "FT232R USB UART ??"; VariantName = "[No Variations]"
Add component (AddParameter): Name = "Manufacturer"; Value = "FTDI(????)"; VariantName = "[No Variations]"
Add component (AddParameter): Name = "Manufacturer Part"; Value = "FT232RL-REEL"; VariantName = "[No Variations]"
Add component (AddParameter): Name = "Operating Temperature"; Value = "-40?~+85?"; VariantName = "[No Variations]"
Add component (AddParameter): Name = "Protocol"; Value = ""; VariantName = "[No Variations]"
Add component (AddParameter): Name = "Supplier"; Value = "LCSC"; VariantName = "[No Variations]"
Add component (AddParameter): Name = "Supplier Footprint"; Value = "SSOP-28-208mil"; VariantName = "[No Variations]"
Add component (AddParameter): Name = "Supplier Part"; Value = "C8690"; VariantName = "[No Variations]"
Add component (AddParameter): Name = "Supply Voltage"; Value = "3.3V~5.25V"; VariantName = "[No Variations]"
Add component (AddParameter): Name = "Symbol"; Value = "FT232RL-REEL"; VariantName = "[No Variations]"
Added Component: Designator=U2(CONN-TH_6P-P4.00_JST_B06B-PSILE-1-LF-SN)
Add component (AddParameter): Name = "Add into BOM"; Value = "yes"; VariantName = "[No Variations]"
Add component (AddParameter): Name = "Convert to PCB"; Value = "yes"; VariantName = "[No Variations]"
Add component (AddParameter): Name = "Datasheet"; Value = "https://atta.szlcsc.com/upload/public/pdf/source/20220125/269FDD7CCCA7D6F7CD97DE92C25BFCB0.pdf"; VariantName = "[No Variations]"
Add component (AddParameter): Name = "Device"; Value = "B06B-PSILE-1(LF)(SN)"; VariantName = "[No Variations]"
Add component (AddParameter): Name = "JLCPCB Part Class"; Value = "Extended Part"; VariantName = "[No Variations]"
Add component (AddParameter): Name = "LCSC Part Name"; Value = "B06B-PSILE-1(LF)(SN)"; VariantName = "[No Variations]"
Add component (AddParameter): Name = "Manufacturer"; Value = "JST"; VariantName = "[No Variations]"
Add component (AddParameter): Name = "Manufacturer Part"; Value = "B06B-PSILE-1(LF)(SN)"; VariantName = "[No Variations]"
Add component (AddParameter): Name = "Supplier"; Value = "LCSC"; VariantName = "[No Variations]"
Add component (AddParameter): Name = "Supplier Footprint"; Value = "-"; VariantName = "[No Variations]"
Add component (AddParameter): Name = "Supplier Part"; Value = "C5305924"; VariantName = "[No Variations]"
Add component (AddParameter): Name = "Symbol"; Value = "B06B-PSILE-1(LF)(SN)"; VariantName = "[No Variations]"
Added Component: Designator=USBDM(MINI-USB-SMD_KH-MINI-SMT-5P-CU)
Add component (AddParameter): Name = "Contributor"; Value = "LCSC"; VariantName = "[No Variations]"
Add component (AddParameter): Name = "JLCPCB Part Class"; Value = "Extended Part"; VariantName = "[No Variations]"
Add component (AddParameter): Name = "Manufacturer"; Value = "kinghelm(???)"; VariantName = "[No Variations]"
Add component (AddParameter): Name = "Manufacturer Part"; Value = "KH-MINI-SMT-5P-Cu"; VariantName = "[No Variations]"
Add component (AddParameter): Name = "spicePre"; Value = "U"; VariantName = "[No Variations]"
Add component (AddParameter): Name = "spiceSymbolName"; Value = "KH-MINI-SMT-5P-CU"; VariantName = "[No Variations]"
Add component (AddParameter): Name = "Supplier"; Value = "LCSC"; VariantName = "[No Variations]"
Add component (AddParameter): Name = "Supplier Part"; Value = "C2688795"; VariantName = "[No Variations]"
Added Pin To Net: NetName=+3v3 Pin=C1-1
Added Pin To Net: NetName=+3v3 Pin=U1-17
Added Net: Name=+3v3
Added Pin To Net: NetName=+5V0 Pin=C2-1
Added Pin To Net: NetName=+5V0 Pin=C3-1
Added Pin To Net: NetName=+5V0 Pin=R1-2
Added Pin To Net: NetName=+5V0 Pin=R2-2
Added Pin To Net: NetName=+5V0 Pin=R3-1
Added Pin To Net: NetName=+5V0 Pin=U1-4
Added Net: Name=+5V0
Added Pin To Net: NetName=CTS Pin=U1-11
Added Pin To Net: NetName=CTS Pin=U2-2
Added Net: Name=CTS
Added Pin To Net: NetName=DTR Pin=U1-2
Added Pin To Net: NetName=DTR Pin=U2-6
Added Net: Name=DTR
Added Pin To Net: NetName=GND Pin=U1-7
Added Pin To Net: NetName=GND Pin=U1-18
Added Pin To Net: NetName=GND Pin=U1-21
Added Pin To Net: NetName=GND Pin=U1-25
Added Pin To Net: NetName=GND Pin=U1-26
Added Pin To Net: NetName=GND Pin=U2-1
Added Pin To Net: NetName=GND Pin=USBDM-5
Added Pin To Net: NetName=GND Pin=USBDM-6
Added Pin To Net: NetName=GND Pin=USBDM-7
Added Pin To Net: NetName=GND Pin=USBDM-8
Added Pin To Net: NetName=GND Pin=USBDM-9
Added Net: Name=GND
Added Pin To Net: NetName=NetC1_2 Pin=C1-2
Added Pin To Net: NetName=NetC1_2 Pin=C2-2
Added Pin To Net: NetName=NetC1_2 Pin=C3-2
Added Net: Name=NetC1_2
Added Pin To Net: NetName=NetLED1_1 Pin=LED1-1
Added Pin To Net: NetName=NetLED1_1 Pin=R1-1
Added Net: Name=NetLED1_1
Added Pin To Net: NetName=NetLED2_1 Pin=LED2-1
Added Pin To Net: NetName=NetLED2_1 Pin=R2-1
Added Net: Name=NetLED2_1
Added Pin To Net: NetName=NetR3_2 Pin=R3-2
Added Pin To Net: NetName=NetR3_2 Pin=USBDM-1
Added Net: Name=NetR3_2
Added Pin To Net: NetName=RXD Pin=U1-5
Added Pin To Net: NetName=RXD Pin=U2-5
Added Net: Name=RXD
Added Pin To Net: NetName=RXLED Pin=LED2-2
Added Pin To Net: NetName=RXLED Pin=U1-22
Added Net: Name=RXLED
Added Pin To Net: NetName=TXD Pin=U1-1
Added Pin To Net: NetName=TXD Pin=U2-4
Added Net: Name=TXD
Added Pin To Net: NetName=TXLED Pin=LED1-2
Added Pin To Net: NetName=TXLED Pin=U1-23
Added Net: Name=TXLED
Added Pin To Net: NetName=USBDM Pin=U1-16
Added Pin To Net: NetName=USBDM Pin=USBDM-2
Added Net: Name=USBDM
Added Pin To Net: NetName=USBDP Pin=U1-15
Added Pin To Net: NetName=USBDP Pin=USBDM-3
Added Net: Name=USBDP
Added Pin To Net: NetName=VCC Pin=U1-20
Added Pin To Net: NetName=VCC Pin=U2-3
Added Net: Name=VCC
Added Member To Class: ClassName=Schametic Layout Member=Component C1 0.1uF
Added Member To Class: ClassName=Schametic Layout Member=Component C2 0.1uF
Added Member To Class: ClassName=Schametic Layout Member=Component C3 0.1uF
Added Member To Class: ClassName=Schametic Layout Member=Component LED1 YLED0603R
Added Member To Class: ClassName=Schametic Layout Member=Component LED2 YLED0603R
Added Member To Class: ClassName=Schametic Layout Member=Component R1 1kO
Added Member To Class: ClassName=Schametic Layout Member=Component R2 1kO
Added Member To Class: ClassName=Schametic Layout Member=Component R3 10kO
Added Member To Class: ClassName=Schametic Layout Member=Component U1 FT232RL-REEL
Added Member To Class: ClassName=Schametic Layout Member=Component U2 B06B-PSILE-1(LF)(SN)
Added Member To Class: ClassName=Schametic Layout Member=Component USBDM KH-MINI-SMT-5P-CU
